{"C:\\Users\\bradhe\\GitHub\\healthgateway\\Apps\\WebClient\\src\\ClientApp\\boot.ts": {"path":"C:\\Users\\bradhe\\GitHub\\healthgateway\\Apps\\WebClient\\src\\ClientApp\\boot.ts","statementMap":{"0":{"start":{"line":1,"column":0},"end":{"line":1,"column":53}},"1":{"start":{"line":2,"column":0},"end":{"line":2,"column":47}},"2":{"start":{"line":3,"column":0},"end":{"line":3,"column":49}},"3":{"start":{"line":4,"column":0},"end":{"line":4,"column":48}},"4":{"start":{"line":5,"column":0},"end":{"line":5,"column":24}},"5":{"start":{"line":6,"column":0},"end":{"line":6,"column":41}},"6":{"start":{"line":7,"column":0},"end":{"line":7,"column":22}},"7":{"start":{"line":8,"column":0},"end":{"line":8,"column":35}},"8":{"start":{"line":9,"column":0},"end":{"line":9,"column":26}},"9":{"start":{"line":11,"column":0},"end":{"line":11,"column":19}},"10":{"start":{"line":12,"column":0},"end":{"line":12,"column":22}},"11":{"start":{"line":14,"column":15},"end":{"line":20,"column":2}},"12":{"start":{"line":23,"column":0},"end":{"line":29,"column":3}},"13":{"start":{"line":27,"column":17},"end":{"line":27,"column":null}}},"fnMap":{"0":{"name":"(anonymous_0)","decl":{"start":{"line":27,"column":12},"end":{"line":27,"column":13}},"loc":{"start":{"line":27,"column":13},"end":{"line":27,"column":18}}}},"branchMap":{},"s":{"0":0,"1":0,"2":0,"3":0,"4":0,"5":0,"6":0,"7":0,"8":0,"9":0,"10":0,"11":0,"12":0,"13":0},"f":{"0":0},"b":{}}
,"C:\\Users\\bradhe\\GitHub\\healthgateway\\Apps\\WebClient\\src\\ClientApp\\i18n.ts": {"path":"C:\\Users\\bradhe\\GitHub\\healthgateway\\Apps\\WebClient\\src\\ClientApp\\i18n.ts","statementMap":{"0":{"start":{"line":1,"column":0},"end":{"line":1,"column":22}},"1":{"start":{"line":2,"column":0},"end":{"line":2,"column":31}},"2":{"start":{"line":4,"column":0},"end":{"line":4,"column":17}},"3":{"start":{"line":13,"column":20},"end":{"line":13,"column":83}},"4":{"start":{"line":14,"column":32},"end":{"line":14,"column":34}},"5":{"start":{"line":16,"column":4},"end":{"line":24,"column":null}},"6":{"start":{"line":18,"column":22},"end":{"line":18,"column":54}},"7":{"start":{"line":19,"column":6},"end":{"line":23,"column":null}},"8":{"start":{"line":21,"column":23},"end":{"line":21,"column":33}},"9":{"start":{"line":22,"column":8},"end":{"line":22,"column":40}},"10":{"start":{"line":25,"column":4},"end":{"line":25,"column":20}},"11":{"start":{"line":28,"column":2},"end":{"line":34,"column":null}}},"fnMap":{"0":{"name":"loadLocaleMessages","decl":{"start":{"line":12,"column":9},"end":{"line":12,"column":27}},"loc":{"start":{"line":12,"column":27},"end":{"line":26,"column":3}}},"1":{"name":"(anonymous_1)","decl":{"start":{"line":16,"column":27},"end":{"line":16,"column":30}},"loc":{"start":{"line":16,"column":30},"end":{"line":24,"column":5}}}},"branchMap":{"0":{"loc":{"start":{"line":19,"column":6},"end":{"line":23,"column":null}},"type":"if","locations":[{"start":{"line":19,"column":6},"end":{"line":23,"column":null}},{"start":{"line":19,"column":6},"end":{"line":23,"column":null}}]},"1":{"loc":{"start":{"line":19,"column":10},"end":{"line":19,"column":17}},"type":"binary-expr","locations":[{"start":{"line":19,"column":10},"end":{"line":19,"column":17}},{"start":{"line":19,"column":21},"end":{"line":19,"column":39}}]}},"s":{"0":0,"1":0,"2":0,"3":0,"4":0,"5":0,"6":0,"7":0,"8":0,"9":0,"10":0,"11":0},"f":{"0":0,"1":0},"b":{"0":[0,0],"1":[0,0]}}
,"C:\\Users\\bradhe\\GitHub\\healthgateway\\Apps\\WebClient\\src\\ClientApp\\sum.ts": {"path":"C:\\Users\\bradhe\\GitHub\\healthgateway\\Apps\\WebClient\\src\\ClientApp\\sum.ts","statementMap":{"0":{"start":{"line":2,"column":2},"end":{"line":4,"column":null}},"1":{"start":{"line":3,"column":4},"end":{"line":3,"column":37}},"2":{"start":{"line":6,"column":2},"end":{"line":8,"column":null}},"3":{"start":{"line":7,"column":4},"end":{"line":7,"column":37}},"4":{"start":{"line":10,"column":2},"end":{"line":10,"column":15}},"5":{"start":{"line":1,"column":0},"end":{"line":1,"column":24}},"6":{"start":{"line":14,"column":2},"end":{"line":14,"column":15}},"7":{"start":{"line":13,"column":0},"end":{"line":13,"column":16}}},"fnMap":{"0":{"name":"sum","decl":{"start":{"line":1,"column":24},"end":{"line":1,"column":27}},"loc":{"start":{"line":1,"column":48},"end":{"line":11,"column":1}}},"1":{"name":"sub","decl":{"start":{"line":13,"column":16},"end":{"line":13,"column":19}},"loc":{"start":{"line":13,"column":40},"end":{"line":15,"column":1}}}},"branchMap":{"0":{"loc":{"start":{"line":2,"column":2},"end":{"line":4,"column":null}},"type":"if","locations":[{"start":{"line":2,"column":2},"end":{"line":4,"column":null}},{"start":{"line":2,"column":2},"end":{"line":4,"column":null}}]},"1":{"loc":{"start":{"line":6,"column":2},"end":{"line":8,"column":null}},"type":"if","locations":[{"start":{"line":6,"column":2},"end":{"line":8,"column":null}},{"start":{"line":6,"column":2},"end":{"line":8,"column":null}}]}},"s":{"0":1,"1":0,"2":1,"3":0,"4":1,"5":1,"6":0,"7":1},"f":{"0":1,"1":0},"b":{"0":[0,1],"1":[0,1]}}
,"C:\\Users\\bradhe\\GitHub\\healthgateway\\Apps\\WebClient\\src\\ClientApp\\components\\app\\app.ts": {"path":"C:\\Users\\bradhe\\GitHub\\healthgateway\\Apps\\WebClient\\src\\ClientApp\\components\\app\\app.ts","statementMap":{"0":{"start":{"line":1,"column":0},"end":{"line":1,"column":22}},"1":{"start":{"line":2,"column":0},"end":{"line":2,"column":51}},"2":{"start":{"line":9,"column":0},"end":{"line":9,"column":null}},"3":{"start":{"line":9,"column":42},"end":{"line":9,"column":45}},"4":{"start":{"line":9,"column":21},"end":{"line":10,"column":null}},"5":{"start":{"line":10,"column":0},"end":{"line":10,"column":null}},"6":{"start":{"line":9,"column":21},"end":{"line":9,"column":42}}},"fnMap":{"0":{"name":"(anonymous_7)","decl":{"start":{"line":9,"column":0},"end":{"line":9,"column":21}},"loc":{"start":{"line":9,"column":0},"end":{"line":9,"column":21}}}},"branchMap":{},"s":{"0":0,"1":0,"2":0,"3":0,"4":0,"5":0,"6":0},"f":{"0":0},"b":{}}
,"C:\\Users\\bradhe\\GitHub\\healthgateway\\Apps\\WebClient\\src\\ClientApp\\components\\counter\\counter.ts": {"path":"C:\\Users\\bradhe\\GitHub\\healthgateway\\Apps\\WebClient\\src\\ClientApp\\components\\counter\\counter.ts","statementMap":{"0":{"start":{"line":1,"column":0},"end":{"line":1,"column":22}},"1":{"start":{"line":2,"column":0},"end":{"line":2,"column":51}},"2":{"start":{"line":5,"column":0},"end":{"line":5,"column":null}},"3":{"start":{"line":5,"column":46},"end":{"line":5,"column":49}},"4":{"start":{"line":4,"column":0},"end":{"line":4,"column":1}},"5":{"start":{"line":6,"column":4},"end":{"line":6,"column":29}},"6":{"start":{"line":8,"column":4},"end":{"line":10,"column":null}},"7":{"start":{"line":9,"column":8},"end":{"line":9,"column":28}},"8":{"start":{"line":5,"column":21},"end":{"line":11,"column":null}},"9":{"start":{"line":11,"column":0},"end":{"line":11,"column":null}},"10":{"start":{"line":5,"column":21},"end":{"line":5,"column":46}}},"fnMap":{"0":{"name":"(anonymous_7)","decl":{"start":{"line":5,"column":0},"end":{"line":5,"column":21}},"loc":{"start":{"line":5,"column":0},"end":{"line":5,"column":21}}},"1":{"name":"CounterComponent","decl":{"start":{"line":4,"column":0},"end":{"line":4,"column":1}},"loc":{"start":{"line":4,"column":0},"end":{"line":11,"column":null}}},"2":{"name":"(anonymous_9)","decl":{"start":{"line":8,"column":4},"end":{"line":8,"column":20}},"loc":{"start":{"line":8,"column":4},"end":{"line":10,"column":5}}}},"branchMap":{"0":{"loc":{"start":{"line":4,"column":0},"end":{"line":4,"column":1}},"type":"binary-expr","locations":[{"start":{"line":4,"column":0},"end":{"line":4,"column":1}},{"start":{"line":4,"column":0},"end":{"line":4,"column":1}},{"start":{"line":4,"column":0},"end":{"line":4,"column":1}}]}},"s":{"0":0,"1":0,"2":0,"3":0,"4":0,"5":0,"6":0,"7":0,"8":0,"9":0,"10":0},"f":{"0":0,"1":0,"2":0},"b":{"0":[0,0,0]}}
,"C:\\Users\\bradhe\\GitHub\\healthgateway\\Apps\\WebClient\\src\\ClientApp\\components\\fetchdata\\fetchdata.ts": {"path":"C:\\Users\\bradhe\\GitHub\\healthgateway\\Apps\\WebClient\\src\\ClientApp\\components\\fetchdata\\fetchdata.ts","statementMap":{"0":{"start":{"line":1,"column":0},"end":{"line":1,"column":55}},"1":{"start":{"line":10,"column":0},"end":{"line":10,"column":null}},"2":{"start":{"line":10,"column":48},"end":{"line":10,"column":51}},"3":{"start":{"line":9,"column":0},"end":{"line":9,"column":1}},"4":{"start":{"line":11,"column":4},"end":{"line":11,"column":33}},"5":{"start":{"line":13,"column":4},"end":{"line":19,"column":null}},"6":{"start":{"line":13,"column":4},"end":{"line":13,"column":11}},"7":{"start":{"line":14,"column":8},"end":{"line":18,"column":15}},"8":{"start":{"line":15,"column":30},"end":{"line":15,"column":72}},"9":{"start":{"line":17,"column":16},"end":{"line":17,"column":37}},"10":{"start":{"line":10,"column":21},"end":{"line":20,"column":null}},"11":{"start":{"line":20,"column":0},"end":{"line":20,"column":null}},"12":{"start":{"line":10,"column":21},"end":{"line":10,"column":48}}},"fnMap":{"0":{"name":"(anonymous_7)","decl":{"start":{"line":10,"column":0},"end":{"line":10,"column":21}},"loc":{"start":{"line":10,"column":0},"end":{"line":10,"column":21}}},"1":{"name":"FetchDataComponent","decl":{"start":{"line":9,"column":0},"end":{"line":9,"column":1}},"loc":{"start":{"line":9,"column":0},"end":{"line":20,"column":null}}},"2":{"name":"(anonymous_9)","decl":{"start":{"line":13,"column":4},"end":{"line":13,"column":11}},"loc":{"start":{"line":13,"column":4},"end":{"line":19,"column":5}}},"3":{"name":"(anonymous_10)","decl":{"start":{"line":15,"column":18},"end":{"line":15,"column":26}},"loc":{"start":{"line":15,"column":26},"end":{"line":15,"column":38}}},"4":{"name":"(anonymous_11)","decl":{"start":{"line":16,"column":18},"end":{"line":16,"column":22}},"loc":{"start":{"line":16,"column":22},"end":{"line":18,"column":13}}}},"branchMap":{"0":{"loc":{"start":{"line":9,"column":0},"end":{"line":9,"column":1}},"type":"binary-expr","locations":[{"start":{"line":9,"column":0},"end":{"line":9,"column":1}},{"start":{"line":9,"column":0},"end":{"line":9,"column":1}},{"start":{"line":9,"column":0},"end":{"line":9,"column":1}}]}},"s":{"0":0,"1":0,"2":0,"3":0,"4":0,"5":0,"6":0,"7":0,"8":0,"9":0,"10":0,"11":0,"12":0},"f":{"0":0,"1":0,"2":0,"3":0,"4":0},"b":{"0":[0,0,0]}}
,"C:\\Users\\bradhe\\GitHub\\healthgateway\\Apps\\WebClient\\src\\ClientApp\\components\\home\\home.ts": {"path":"C:\\Users\\bradhe\\GitHub\\healthgateway\\Apps\\WebClient\\src\\ClientApp\\components\\home\\home.ts","statementMap":{"0":{"start":{"line":1,"column":0},"end":{"line":1,"column":22}},"1":{"start":{"line":5,"column":0},"end":{"line":5,"column":null}},"2":{"start":{"line":5,"column":43},"end":{"line":5,"column":46}},"3":{"start":{"line":6,"column":0},"end":{"line":6,"column":null}}},"fnMap":{"0":{"name":"(anonymous_6)","decl":{"start":{"line":5,"column":0},"end":{"line":5,"column":43}},"loc":{"start":{"line":5,"column":0},"end":{"line":6,"column":null}}}},"branchMap":{},"s":{"0":0,"1":0,"2":0,"3":0},"f":{"0":0},"b":{}}
,"C:\\Users\\bradhe\\GitHub\\healthgateway\\Apps\\WebClient\\src\\ClientApp\\components\\immunizations\\immunizations.ts": {"path":"C:\\Users\\bradhe\\GitHub\\healthgateway\\Apps\\WebClient\\src\\ClientApp\\components\\immunizations\\immunizations.ts","statementMap":{"0":{"start":{"line":1,"column":0},"end":{"line":1,"column":22}},"1":{"start":{"line":2,"column":0},"end":{"line":2,"column":51}},"2":{"start":{"line":17,"column":0},"end":{"line":17,"column":null}},"3":{"start":{"line":17,"column":52},"end":{"line":17,"column":55}},"4":{"start":{"line":18,"column":4},"end":{"line":56,"column":null}},"5":{"start":{"line":19,"column":8},"end":{"line":55,"column":null}},"6":{"start":{"line":17,"column":21},"end":{"line":57,"column":null}},"7":{"start":{"line":57,"column":0},"end":{"line":57,"column":null}},"8":{"start":{"line":17,"column":21},"end":{"line":17,"column":52}}},"fnMap":{"0":{"name":"(anonymous_7)","decl":{"start":{"line":17,"column":0},"end":{"line":17,"column":21}},"loc":{"start":{"line":17,"column":0},"end":{"line":17,"column":21}}},"1":{"name":"(anonymous_9)","decl":{"start":{"line":18,"column":4},"end":{"line":18,"column":8}},"loc":{"start":{"line":18,"column":4},"end":{"line":56,"column":5}}}},"branchMap":{},"s":{"0":0,"1":0,"2":0,"3":0,"4":0,"5":0,"6":0,"7":0,"8":0},"f":{"0":0,"1":0},"b":{}}
}
