TN:
SF:C:\Users\bradhe\GitHub\healthgateway\Apps\WebClient\src\ClientApp\boot.ts
FN:27,(anonymous_0)
FNF:1
FNH:0
FNDA:0,(anonymous_0)
DA:1,0
DA:2,0
DA:3,0
DA:4,0
DA:5,0
DA:6,0
DA:7,0
DA:8,0
DA:9,0
DA:11,0
DA:12,0
DA:14,0
DA:23,0
DA:27,0
LF:14
LH:0
BRF:0
BRH:0
end_of_record
TN:
SF:C:\Users\bradhe\GitHub\healthgateway\Apps\WebClient\src\ClientApp\i18n.ts
FN:12,loadLocaleMessages
FN:16,(anonymous_1)
FNF:2
FNH:0
FNDA:0,loadLocaleMessages
FNDA:0,(anonymous_1)
DA:1,0
DA:2,0
DA:4,0
DA:13,0
DA:14,0
DA:16,0
DA:18,0
DA:19,0
DA:21,0
DA:22,0
DA:25,0
DA:28,0
LF:12
LH:0
BRDA:19,0,0,0
BRDA:19,0,1,0
BRDA:19,1,0,0
BRDA:19,1,1,0
BRF:4
BRH:0
end_of_record
TN:
SF:C:\Users\bradhe\GitHub\healthgateway\Apps\WebClient\src\ClientApp\sum.ts
FN:1,sum
FN:13,sub
FNF:2
FNH:1
FNDA:1,sum
FNDA:0,sub
DA:1,1
DA:2,1
DA:3,0
DA:6,1
DA:7,0
DA:10,1
DA:13,1
DA:14,0
LF:8
LH:5
BRDA:2,0,0,0
BRDA:2,0,1,1
BRDA:6,1,0,0
BRDA:6,1,1,1
BRF:4
BRH:2
end_of_record
TN:
SF:C:\Users\bradhe\GitHub\healthgateway\Apps\WebClient\src\ClientApp\components\app\app.ts
FN:9,(anonymous_7)
FNF:1
FNH:0
FNDA:0,(anonymous_7)
DA:1,0
DA:2,0
DA:9,0
DA:10,0
LF:4
LH:0
BRF:0
BRH:0
end_of_record
TN:
SF:C:\Users\bradhe\GitHub\healthgateway\Apps\WebClient\src\ClientApp\components\counter\counter.ts
FN:5,(anonymous_7)
FN:4,CounterComponent
FN:8,(anonymous_9)
FNF:3
FNH:0
FNDA:0,(anonymous_7)
FNDA:0,CounterComponent
FNDA:0,(anonymous_9)
DA:1,0
DA:2,0
DA:4,0
DA:5,0
DA:6,0
DA:8,0
DA:9,0
DA:11,0
LF:8
LH:0
BRDA:4,0,0,0
BRDA:4,0,1,0
BRDA:4,0,2,0
BRF:3
BRH:0
end_of_record
TN:
SF:C:\Users\bradhe\GitHub\healthgateway\Apps\WebClient\src\ClientApp\components\fetchdata\fetchdata.ts
FN:10,(anonymous_7)
FN:9,FetchDataComponent
FN:13,(anonymous_9)
FN:15,(anonymous_10)
FN:16,(anonymous_11)
FNF:5
FNH:0
FNDA:0,(anonymous_7)
FNDA:0,FetchDataComponent
FNDA:0,(anonymous_9)
FNDA:0,(anonymous_10)
FNDA:0,(anonymous_11)
DA:1,0
DA:9,0
DA:10,0
DA:11,0
DA:13,0
DA:14,0
DA:15,0
DA:17,0
DA:20,0
LF:9
LH:0
BRDA:9,0,0,0
BRDA:9,0,1,0
BRDA:9,0,2,0
BRF:3
BRH:0
end_of_record
TN:
SF:C:\Users\bradhe\GitHub\healthgateway\Apps\WebClient\src\ClientApp\components\home\home.ts
FN:5,(anonymous_6)
FNF:1
FNH:0
FNDA:0,(anonymous_6)
DA:1,0
DA:5,0
DA:6,0
LF:3
LH:0
BRF:0
BRH:0
end_of_record
TN:
SF:C:\Users\bradhe\GitHub\healthgateway\Apps\WebClient\src\ClientApp\components\immunizations\immunizations.ts
FN:17,(anonymous_7)
FN:18,(anonymous_9)
FNF:2
FNH:0
FNDA:0,(anonymous_7)
FNDA:0,(anonymous_9)
DA:1,0
DA:2,0
DA:17,0
DA:18,0
DA:19,0
DA:57,0
LF:6
LH:0
BRF:0
BRH:0
end_of_record
